

*******************************************************************************
Wed Mar 26 09:35:08 2014


FIT:    data read from "./1.dat" u 1:2
        format = x:z
        #datapoints = 10000
        residuals are weighted equally (unit weight)

function used for fitting: f(x)
fitted parameters initialized with current variable values



 Iteration 0
 WSSR        : 2.87924e+11       delta(WSSR)/WSSR   : 0
 delta(WSSR) : 0                 limit for stopping : 1e-05
 lambda	  : 40.8279

initial set of free parameter values

a               = 1
b               = 1

After 3 iterations the fit converged.
final sum of squares of residuals : 66082.8
rel. change during last iteration : -4.04356e-08

degrees of freedom    (FIT_NDF)                        : 9998
rms of residuals      (FIT_STDFIT) = sqrt(WSSR/ndf)    : 2.57091
variance of residuals (reduced chisquare) = WSSR/ndf   : 6.6096

Final set of parameters            Asymptotic Standard Error
=======================            ==========================

a               = 93.9312          +/- 0.0008906    (0.0009481%)
b               = 2.00395          +/- 0.05141      (2.566%)


correlation matrix of the fit parameters:

               a      b      
a               1.000 
b              -0.866  1.000 
